2025-05-16 22:35:58,871 - INFO - TempMail initialized with base URL: https://api.mail.tm
2025-05-16 22:35:58,871 - INFO - Fetching available domains...
2025-05-16 22:35:59,848 - INFO - Using domain: dcpa.net
2025-05-16 22:35:59,848 - INFO - Creating account with email: temp17474151592251@dcpa.net
2025-05-16 22:36:00,922 - INFO - Temporary Email Created: temp17474151592251@dcpa.net
2025-05-16 22:36:00,922 - INFO - Logging in with email: temp17474151592251@dcpa.net
2025-05-16 22:36:01,816 - INFO - Login successful, token received
2025-05-16 22:36:01,823 - INFO - ====== WebDriver manager ======
2025-05-16 22:36:08,177 - INFO - Get LATEST chromedriver version for google-chrome
2025-05-16 22:36:08,849 - INFO - Get LATEST chromedriver version for google-chrome
2025-05-16 22:36:10,111 - INFO - Driver [C:\Users\Sachin Kumar\.wdm\drivers\chromedriver\win64\136.0.7103.94\chromedriver-win32/THIRD_PARTY_NOTICES.chromedriver] found in cache
2025-05-16 22:36:22,976 - INFO - Waiting for emails...
2025-05-16 22:36:22,976 - INFO - Fetching messages...
2025-05-16 22:36:24,294 - INFO - Retrieved 0 messages
2025-05-16 22:36:24,298 - INFO - No messages yet, checking again in 10 seconds...
2025-05-16 22:36:34,303 - INFO - Fetching messages...
2025-05-16 22:36:35,287 - INFO - Retrieved 1 messages
2025-05-16 22:36:35,290 - INFO - Received 1 messages
2025-05-16 22:36:35,290 - INFO - Fetching details for message ID: 68277096cad8628742a17f48
2025-05-16 22:36:36,253 - INFO - Retrieved message details: Subject 'GizAI e-mail verification code'
2025-05-16 22:36:36,253 - INFO - HTML content type: <class 'list'>
2025-05-16 22:36:36,253 - INFO - HTML content is a list with 1 elements
